<?xml version="1.0" encoding="UTF-8"?>
<!-- Generated by org.testng.reporters.JUnitXMLReporter -->
<testsuite ignored="0" hostname="DESKTOP-FTO3A5E" failures="0" tests="3" name="Chrome" time="0.281" errors="0" timestamp="2021-11-25T10:16:59 IST">
  <testcase classname="testpackage.TestClassLogin" name="@BeforeTest tolaunchTheBrowser" time="0.157">
    <failure type="java.lang.IllegalStateException" message="The driver executable does not exist: F:\velocity\ChromeDriver\chromedriver.exe">
      <![CDATA[java.lang.IllegalStateException: The driver executable does not exist: F:\velocity\ChromeDriver\chromedriver.exe
at com.google.common.base.Preconditions.checkState(Preconditions.java:585)
at org.openqa.selenium.remote.service.DriverService.checkExecutable(DriverService.java:146)
at org.openqa.selenium.remote.service.DriverService.findExecutable(DriverService.java:141)
at org.openqa.selenium.chrome.ChromeDriverService.access$000(ChromeDriverService.java:35)
at org.openqa.selenium.chrome.ChromeDriverService$Builder.findDefaultExecutable(ChromeDriverService.java:159)
at org.openqa.selenium.remote.service.DriverService$Builder.build(DriverService.java:355)
at org.openqa.selenium.chrome.ChromeDriverService.createDefaultService(ChromeDriverService.java:94)
at org.openqa.selenium.chrome.ChromeDriver.<init>(ChromeDriver.java:123)
at basepackage.Base.openChromeBrowser(Base.java:12)
at testpackage.TestClassLogin.tolaunchTheBrowser(TestClassLogin.java:37)
... Removed 24 stack frames]]>
    </failure>
  </testcase> <!-- @BeforeTest tolaunchTheBrowser -->
  <testcase classname="testpackage.TestClassLogin" name="@BeforeClass tolaunchbrowser" time="-1.637815619341E9">
    <skipped/>
  </testcase> <!-- @BeforeClass tolaunchbrowser -->
  <testcase classname="testpackage.TestClassLogin" name="@BeforeMethod toopenapplication" time="-1.637815619372E9">
    <skipped/>
  </testcase> <!-- @BeforeMethod toopenapplication -->
  <testcase classname="testpackage.TestClassLogin" name="@BeforeMethod toopenapplication" time="-1.63781561939E9">
    <skipped/>
  </testcase> <!-- @BeforeMethod toopenapplication -->
  <testcase classname="testpackage.TestClassLogin" name="@BeforeMethod toopenapplication" time="-1.6378156194E9">
    <skipped/>
  </testcase> <!-- @BeforeMethod toopenapplication -->
  <testcase classname="testpackage.TestClassLogin" name="@AfterClass CleaTheObjects" time="-1.637815619408E9">
    <skipped/>
  </testcase> <!-- @AfterClass CleaTheObjects -->
  <testcase classname="testpackage.TestClassLogin" name="@AfterTest closedTheBrowser" time="-1.637815619411E9">
    <skipped/>
  </testcase> <!-- @AfterTest closedTheBrowser -->
  <testcase classname="testpackage.TestClassLogin" name="toverifyucnloginpage" time="0.0">
    <skipped/>
  </testcase> <!-- toverifyucnloginpage -->
  <testcase classname="testpackage.TestClassLogin" name="planmodule" time="0.0">
    <skipped/>
  </testcase> <!-- planmodule -->
  <testcase classname="testpackage.TestClassLogin" name="rechagemodule" time="0.0">
    <skipped/>
  </testcase> <!-- rechagemodule -->
</testsuite> <!-- Chrome -->
