<?xml version="1.0" encoding="UTF-8"?>
<!-- Generated by org.testng.reporters.JUnitXMLReporter -->
<testsuite ignored="0" hostname="DESKTOP-FTO3A5E" failures="0" tests="3" name="Opera" time="5.224" errors="0" timestamp="2021-11-25T10:14:24 IST">
  <testcase classname="testpackage.TestClassLogin" name="@BeforeTest tolaunchTheBrowser" time="5.104">
    <failure type="org.openqa.selenium.SessionNotCreatedException" message="session not created: This version of OperaDriver only supports Opera version 81
  (Driver info: operadriver=81.0.4044.113 (e3225dafb0475864a1812a374d73a92e391635ac-refs/branch-heads/4044@{#936}),platform=Windows NT 10.0.19042 x86_64) (WARNING: The server did not provide any stacktrace information)
Command duration or timeout: 3.24 seconds
Build info: version: &amp;apos;3.141.59&amp;apos;, revision: &amp;apos;e82be7d358&amp;apos;, time: &amp;apos;2018-11-14T08:17:03&amp;apos;
System info: host: &amp;apos;DESKTOP-FTO3A5E&amp;apos;, ip: &amp;apos;192.168.0.100&amp;apos;, os.name: &amp;apos;Windows 10&amp;apos;, os.arch: &amp;apos;amd64&amp;apos;, os.version: &amp;apos;10.0&amp;apos;, java.version: &amp;apos;11.0.12&amp;apos;
Driver info: driver.version: OperaDriver">
      <![CDATA[org.openqa.selenium.SessionNotCreatedException: session not created: This version of OperaDriver only supports Opera version 81
  (Driver info: operadriver=81.0.4044.113 (e3225dafb0475864a1812a374d73a92e391635ac-refs/branch-heads/4044@{#936}),platform=Windows NT 10.0.19042 x86_64) (WARNING: The server did not provide any stacktrace information)
Command duration or timeout: 3.24 seconds
Build info: version: '3.141.59', revision: 'e82be7d358', time: '2018-11-14T08:17:03'
System info: host: 'DESKTOP-FTO3A5E', ip: '192.168.0.100', os.name: 'Windows 10', os.arch: 'amd64', os.version: '10.0', java.version: '11.0.12'
Driver info: driver.version: OperaDriver
at org.openqa.selenium.remote.ErrorHandler.createThrowable(ErrorHandler.java:214)
at org.openqa.selenium.remote.ErrorHandler.throwIfResponseFailed(ErrorHandler.java:166)
at org.openqa.selenium.remote.JsonWireProtocolResponse.lambda$errorHandler$0(JsonWireProtocolResponse.java:54)
at org.openqa.selenium.remote.HandshakeResponse.lambda$getResponseFunction$0(HandshakeResponse.java:30)
at org.openqa.selenium.remote.ProtocolHandshake.lambda$createSession$0(ProtocolHandshake.java:126)
at java.base/java.util.stream.ReferencePipeline$3$1.accept(ReferencePipeline.java:195)
at java.base/java.util.Spliterators$ArraySpliterator.tryAdvance(Spliterators.java:958)
at java.base/java.util.stream.ReferencePipeline.forEachWithCancel(ReferencePipeline.java:127)
at java.base/java.util.stream.AbstractPipeline.copyIntoWithCancel(AbstractPipeline.java:502)
at java.base/java.util.stream.AbstractPipeline.copyInto(AbstractPipeline.java:488)
at java.base/java.util.stream.AbstractPipeline.wrapAndCopyInto(AbstractPipeline.java:474)
at java.base/java.util.stream.FindOps$FindOp.evaluateSequential(FindOps.java:150)
at java.base/java.util.stream.AbstractPipeline.evaluate(AbstractPipeline.java:234)
at java.base/java.util.stream.ReferencePipeline.findFirst(ReferencePipeline.java:543)
at org.openqa.selenium.remote.ProtocolHandshake.createSession(ProtocolHandshake.java:128)
at org.openqa.selenium.remote.ProtocolHandshake.createSession(ProtocolHandshake.java:74)
at org.openqa.selenium.remote.HttpCommandExecutor.execute(HttpCommandExecutor.java:136)
at org.openqa.selenium.remote.service.DriverCommandExecutor.execute(DriverCommandExecutor.java:83)
at org.openqa.selenium.remote.RemoteWebDriver.execute(RemoteWebDriver.java:552)
at org.openqa.selenium.remote.RemoteWebDriver.startSession(RemoteWebDriver.java:213)
at org.openqa.selenium.remote.RemoteWebDriver.<init>(RemoteWebDriver.java:131)
at org.openqa.selenium.opera.OperaDriver.<init>(OperaDriver.java:173)
at org.openqa.selenium.opera.OperaDriver.<init>(OperaDriver.java:160)
at org.openqa.selenium.opera.OperaDriver.<init>(OperaDriver.java:115)
at basepackage.Base.openOperaBrowser(Base.java:18)
at testpackage.TestClassLogin.tolaunchTheBrowser(TestClassLogin.java:40)
at java.base/java.util.concurrent.FutureTask.run(FutureTask.java:264)
at java.base/java.util.concurrent.ThreadPoolExecutor.runWorker(ThreadPoolExecutor.java:1128)
at java.base/java.util.concurrent.ThreadPoolExecutor$Worker.run(ThreadPoolExecutor.java:628)
at java.base/java.lang.Thread.run(Thread.java:834)
... Removed 19 stack frames]]>
    </failure>
  </testcase> <!-- @BeforeTest tolaunchTheBrowser -->
  <testcase classname="testpackage.TestClassLogin" name="@BeforeClass tolaunchbrowser" time="-1.637815464323E9">
    <skipped/>
  </testcase> <!-- @BeforeClass tolaunchbrowser -->
  <testcase classname="testpackage.TestClassLogin" name="@BeforeMethod toopenapplication" time="-1.637815464327E9">
    <skipped/>
  </testcase> <!-- @BeforeMethod toopenapplication -->
  <testcase classname="testpackage.TestClassLogin" name="@BeforeMethod toopenapplication" time="-1.637815464342E9">
    <skipped/>
  </testcase> <!-- @BeforeMethod toopenapplication -->
  <testcase classname="testpackage.TestClassLogin" name="@BeforeMethod toopenapplication" time="-1.637815464391E9">
    <skipped/>
  </testcase> <!-- @BeforeMethod toopenapplication -->
  <testcase classname="testpackage.TestClassLogin" name="@AfterClass CleaTheObjects" time="-1.637815464407E9">
    <skipped/>
  </testcase> <!-- @AfterClass CleaTheObjects -->
  <testcase classname="testpackage.TestClassLogin" name="@AfterTest closedTheBrowser" time="-1.637815464411E9">
    <skipped/>
  </testcase> <!-- @AfterTest closedTheBrowser -->
  <testcase classname="testpackage.TestClassLogin" name="toverifyucnloginpage" time="0.0">
    <skipped/>
  </testcase> <!-- toverifyucnloginpage -->
  <testcase classname="testpackage.TestClassLogin" name="planmodule" time="0.0">
    <skipped/>
  </testcase> <!-- planmodule -->
  <testcase classname="testpackage.TestClassLogin" name="rechagemodule" time="0.0">
    <skipped/>
  </testcase> <!-- rechagemodule -->
</testsuite> <!-- Opera -->
